<?xml version="1.0" encoding="UTF-8"?>
<!-- Generated by org.testng.reporters.JUnitReportReporter -->
<testsuite hostname="mick-mac.local" name="GoogleTest" tests="1" failures="0" timestamp="13 Apr 2018 23:55:35 GMT" time="9.683" errors="0">
  <testcase name="userCanSearch" time="9.683" classname="GoogleTest"/>
</testsuite> <!-- GoogleTest -->
