<?xml version="1.0" encoding="UTF-8"?>
<testsuite name="GoogleTest" tests="2" skipped="0" failures="0" errors="0" timestamp="2018-05-17T14:06:10" hostname="mick-mac.local" time="10.591">
  <properties/>
  <testcase name="useParameters[0](testuser, testpassword)" classname="GoogleTest" time="0.265"/>
  <testcase name="userCanSearch[0](testuser, testpassword)" classname="GoogleTest" time="9.988"/>
  <system-out><![CDATA[output is - testuser
output is - testpassword
]]></system-out>
  <system-err><![CDATA[Starting ChromeDriver 2.37.544337 (8c0344a12e552148c185f7d5117db1f28d6c9e85) on port 26277
Only local connections are allowed.
五月 17, 2018 10:06:16 下午 org.openqa.selenium.remote.ProtocolHandshake createSession
信息: Detected dialect: OSS
五月 17, 2018 10:06:17 下午 com.codeborne.selenide.webdriver.WebDriverFactory logBrowserVersion
信息: BrowserName=chrome Version=66.0.3359.181 Platform=MAC
五月 17, 2018 10:06:17 下午 com.codeborne.selenide.webdriver.WebDriverFactory createWebDriver
信息: Selenide v. 4.7
五月 17, 2018 10:06:17 下午 com.codeborne.selenide.webdriver.WebDriverFactory logSeleniumInfo
信息: Selenium WebDriver v. 3.5.3 build time: 2017-08-29T12:42:44.417Z
五月 17, 2018 10:06:17 下午 com.codeborne.selenide.impl.WebDriverThreadLocalContainer createDriver
信息: Create webdriver in current thread 10: ChromeDriver -> ChromeDriver: chrome on MAC (71529b86bb58f3f36e9a903a269824b9)
]]></system-err>
</testsuite>
