<?xml version="1.0" encoding="UTF-8"?>
<testsuite name="GoogleTest" tests="2" skipped="0" failures="0" errors="0" timestamp="2018-05-06T08:45:20" hostname="mick-mac.local" time="9.283">
  <properties/>
  <testcase name="useParameters[0](testuser, testpassword)" classname="GoogleTest" time="0.108"/>
  <testcase name="userCanSearch" classname="GoogleTest" time="8.88"/>
  <system-out><![CDATA[output is - testuser
output is - testpassword
]]></system-out>
  <system-err><![CDATA[Starting ChromeDriver 2.37.544337 (8c0344a12e552148c185f7d5117db1f28d6c9e85) on port 11818
Only local connections are allowed.
五月 06, 2018 4:45:26 下午 org.openqa.selenium.remote.ProtocolHandshake createSession
信息: Detected dialect: OSS
五月 06, 2018 4:45:27 下午 com.codeborne.selenide.webdriver.WebDriverFactory logBrowserVersion
信息: BrowserName=chrome Version=66.0.3359.139 Platform=MAC
五月 06, 2018 4:45:27 下午 com.codeborne.selenide.webdriver.WebDriverFactory createWebDriver
信息: Selenide v. 4.7
五月 06, 2018 4:45:27 下午 com.codeborne.selenide.webdriver.WebDriverFactory logSeleniumInfo
信息: Selenium WebDriver v. 3.5.3 build time: 2017-08-29T12:42:44.417Z
五月 06, 2018 4:45:27 下午 com.codeborne.selenide.impl.WebDriverThreadLocalContainer createDriver
信息: Create webdriver in current thread 10: ChromeDriver -> ChromeDriver: chrome on MAC (422f00be991e7ae465c38924ba17760a)
]]></system-err>
</testsuite>
