<?xml version="1.0" encoding="UTF-8"?>
<!-- Generated by org.testng.reporters.JUnitReportReporter -->
<testsuite skipped="0" hostname="mick-mac.local" name="TestTest" tests="6" failures="0" timestamp="20 五月 2018 09:48:52 GMT" time="30.192" errors="0">
  <testcase name="test2" time="10.012" classname="TestTest"/>
  <testcase name="test1" time="0.013" classname="TestTest"/>
  <testcase name="test2" time="10.011" classname="TestTest"/>
  <testcase name="test1" time="0.011" classname="TestTest"/>
  <testcase name="test1" time="0.136" classname="TestTest"/>
  <testcase name="test2" time="10.009" classname="TestTest"/>
</testsuite> <!-- TestTest -->
